<?xml version="1.0" encoding="UTF-8"?>
<!-- Generated by org.testng.reporters.JUnitXMLReporter -->
<testsuite hostname="DESKTOP-NQ2L7NS" ignored="0" name="Default test" tests="4" failures="0" timestamp="2023-08-03T12:31:31 IST" time="22.047" errors="0">
  <testcase name="loginaction" time="20.902" classname="DataDriven.Login_CloudTesla"/>
  <testcase name="loginaction" time="20.902" classname="DataDriven.Login_CloudTesla"/>
  <testcase name="loginaction" time="21.057" classname="DataDriven.Login_CloudTesla"/>
  <testcase name="loginaction" time="21.103" classname="DataDriven.Login_CloudTesla"/>
</testsuite> <!-- Default test -->
