<?xml version="1.0" encoding="UTF-8"?>
<!-- Generated by org.testng.reporters.JUnitXMLReporter -->
<testsuite hostname="DESKTOP-NQ2L7NS" ignored="0" name="Default test" tests="4" failures="0" timestamp="2023-08-07T17:17:06 IST" time="22.862" errors="0">
  <testcase name="loginaction" time="21.626" classname="DataDriven.Login_CloudTesla"/>
  <testcase name="loginaction" time="21.75" classname="DataDriven.Login_CloudTesla"/>
  <testcase name="loginaction" time="21.844" classname="DataDriven.Login_CloudTesla"/>
  <testcase name="loginaction" time="21.876" classname="DataDriven.Login_CloudTesla"/>
</testsuite> <!-- Default test -->
