<?xml version="1.0" encoding="UTF-8"?>
<!-- Generated by org.testng.reporters.JUnitXMLReporter -->
<testsuite ignored="0" hostname="DESKTOP-NQ2L7NS" failures="0" tests="4" name="Test" time="18.845" errors="0" timestamp="2023-07-06T12:29:05 IST">
  <testcase classname="Frame_Test.ActionClass3" name="learnmore" time="0.821"/>
  <testcase classname="Frame_Test.ActionClass2" name="google" time="0.958"/>
  <testcase classname="Frame_Test.ActionClass3" name="learnmore" time="0.8"/>
  <testcase classname="Frame_Test.ActionClass" name="action" time="8.805"/>
</testsuite> <!-- Test -->
